0 info it worked if it ends with ok
1 verbose cli [ '/Users/davinataylor/.nvm/versions/node/v6.3.1/bin/node',
1 verbose cli   '/Users/davinataylor/.nvm/versions/node/v6.3.1/bin/npm',
1 verbose cli   'run',
1 verbose cli   'webpack' ]
2 info using npm@3.10.3
3 info using node@v6.3.1
4 verbose run-script [ 'prewebpack', 'webpack', 'postwebpack' ]
5 info lifecycle blackjack-web-dev@1.0.0~prewebpack: blackjack-web-dev@1.0.0
6 silly lifecycle blackjack-web-dev@1.0.0~prewebpack: no script for prewebpack, continuing
7 info lifecycle blackjack-web-dev@1.0.0~webpack: blackjack-web-dev@1.0.0
8 verbose lifecycle blackjack-web-dev@1.0.0~webpack: unsafe-perm in lifecycle true
9 verbose lifecycle blackjack-web-dev@1.0.0~webpack: PATH: /Users/davinataylor/.nvm/versions/node/v6.3.1/lib/node_modules/npm/bin/node-gyp-bin:/Users/davinataylor/LGDavina/React/blackjack-web-dev/node_modules/.bin:/Users/davinataylor/.nvm/versions/node/v6.3.1/bin:/Users/davinataylor/.rvm/gems/ruby-2.2.1/bin:/Users/davinataylor/.rvm/gems/ruby-2.2.1@global/bin:/Users/davinataylor/.rvm/rubies/ruby-2.2.1/bin:/Users/davinataylor/.nvm/versions/node/v6.3.1/bin:/usr/local/heroku/bin:/Applications/anaconda/bin:/usr/local/bin:/usr/bin:/bin:/usr/sbin:/sbin:/Users/davinataylor/.rvm/bin:/Applications/Postgres.app/Contents/Versions/latest/bin
10 verbose lifecycle blackjack-web-dev@1.0.0~webpack: CWD: /Users/davinataylor/LGDavina/React/blackjack-web-dev
11 silly lifecycle blackjack-web-dev@1.0.0~webpack: Args: [ '-c', 'webpack && webpack-dev-server --inline --hot' ]
12 silly lifecycle blackjack-web-dev@1.0.0~webpack: Returned: code: 143  signal: null
13 info lifecycle blackjack-web-dev@1.0.0~webpack: Failed to exec webpack script
14 verbose stack Error: blackjack-web-dev@1.0.0 webpack: `webpack && webpack-dev-server --inline --hot`
14 verbose stack Exit status 143
14 verbose stack     at EventEmitter.<anonymous> (/Users/davinataylor/.nvm/versions/node/v6.3.1/lib/node_modules/npm/lib/utils/lifecycle.js:242:16)
14 verbose stack     at emitTwo (events.js:106:13)
14 verbose stack     at EventEmitter.emit (events.js:191:7)
14 verbose stack     at ChildProcess.<anonymous> (/Users/davinataylor/.nvm/versions/node/v6.3.1/lib/node_modules/npm/lib/utils/spawn.js:40:14)
14 verbose stack     at emitTwo (events.js:106:13)
14 verbose stack     at ChildProcess.emit (events.js:191:7)
14 verbose stack     at maybeClose (internal/child_process.js:852:16)
14 verbose stack     at Process.ChildProcess._handle.onexit (internal/child_process.js:215:5)
15 verbose pkgid blackjack-web-dev@1.0.0
16 verbose cwd /Users/davinataylor/LGDavina/React/blackjack-web-dev
17 error Darwin 16.1.0
18 error argv "/Users/davinataylor/.nvm/versions/node/v6.3.1/bin/node" "/Users/davinataylor/.nvm/versions/node/v6.3.1/bin/npm" "run" "webpack"
19 error node v6.3.1
20 error npm  v3.10.3
21 error code ELIFECYCLE
22 error blackjack-web-dev@1.0.0 webpack: `webpack && webpack-dev-server --inline --hot`
22 error Exit status 143
23 error Failed at the blackjack-web-dev@1.0.0 webpack script 'webpack && webpack-dev-server --inline --hot'.
23 error Make sure you have the latest version of node.js and npm installed.
23 error If you do, this is most likely a problem with the blackjack-web-dev package,
23 error not with npm itself.
23 error Tell the author that this fails on your system:
23 error     webpack && webpack-dev-server --inline --hot
23 error You can get information on how to open an issue for this project with:
23 error     npm bugs blackjack-web-dev
23 error Or if that isn't available, you can get their info via:
23 error     npm owner ls blackjack-web-dev
23 error There is likely additional logging output above.
24 verbose exit [ 1, true ]
